# JRE version: OpenJDK Runtime Environment (8.0_112-b06) (build 1.8.0_112-release-b06)
# Java VM: OpenJDK 64-Bit Server VM (25.112-b06 mixed mode windows-amd64 compressed oops)
Heap:
 PSYoungGen      total 298496K, used 298432K [0x00000000e0000000, 0x00000000f5400000, 0x0000000100000000)
  eden space 281600K, 100% used [0x00000000e0000000,0x00000000f1300000,0x00000000f1300000)
  from space 16896K, 99% used [0x00000000f1f80000,0x00000000f2ff00d8,0x00000000f3000000)
  to   space 33280K, 24% used [0x00000000f3380000,0x00000000f3b9c118,0x00000000f5400000)
 ParOldGen       total 108032K, used 62897K [0x00000000a0000000, 0x00000000a6980000, 0x00000000e0000000)
  object space 108032K, 58% used [0x00000000a0000000,0x00000000a3d6c4e0,0x00000000a6980000)
 Metaspace       used 78529K, capacity 82786K, committed 83032K, reserved 1122304K
  class space    used 10053K, capacity 10795K, committed 10880K, reserved 1048576K
GC Heap History (10 events):
Event: 2340.267 GC heap before
{Heap before GC invocations=20 (full 3):
 PSYoungGen      total 215552K, used 215268K [0x00000000e0000000, 0x00000000f4100000, 0x0000000100000000)
  eden space 203264K, 100% used [0x00000000e0000000,0x00000000ec680000,0x00000000ec680000)
  from space 12288K, 97% used [0x00000000f3500000,0x00000000f40b93d8,0x00000000f4100000)
  to   space 30208K, 0% used [0x00000000f0600000,0x00000000f0600000,0x00000000f2380000)
 ParOldGen       total 108032K, used 56031K [0x00000000a0000000, 0x00000000a6980000, 0x00000000e0000000)
  object space 108032K, 51% used [0x00000000a0000000,0x00000000a36b7fb0,0x00000000a6980000)
 Metaspace       used 70136K, capacity 73466K, committed 73688K, reserved 1114112K
  class space    used 9115K, capacity 9714K, committed 9728K, reserved 1048576K
Event: 2340.346 GC heap after
Heap after GC invocations=20 (full 3):
 PSYoungGen      total 204288K, used 9164K [0x00000000e0000000, 0x00000000f3580000, 0x0000000100000000)
  eden space 195072K, 0% used [0x00000000e0000000,0x00000000e0000000,0x00000000ebe80000)
  from space 9216K, 99% used [0x00000000f0600000,0x00000000f0ef3298,0x00000000f0f00000)
  to   space 29184K, 0% used [0x00000000f1900000,0x00000000f1900000,0x00000000f3580000)
 ParOldGen       total 108032K, used 56039K [0x00000000a0000000, 0x00000000a6980000, 0x00000000e0000000)
  object space 108032K, 51% used [0x00000000a0000000,0x00000000a36b9fb0,0x00000000a6980000)
 Metaspace       used 70136K, capacity 73466K, committed 73688K, reserved 1114112K
  class space    used 9115K, capacity 9714K, committed 9728K, reserved 1048576K
}
Event: 2345.410 GC heap before
{Heap before GC invocations=21 (full 3):
 PSYoungGen      total 204288K, used 204236K [0x00000000e0000000, 0x00000000f3580000, 0x0000000100000000)
  eden space 195072K, 100% used [0x00000000e0000000,0x00000000ebe80000,0x00000000ebe80000)
  from space 9216K, 99% used [0x00000000f0600000,0x00000000f0ef3298,0x00000000f0f00000)
  to   space 29184K, 0% used [0x00000000f1900000,0x00000000f1900000,0x00000000f3580000)
 ParOldGen       total 108032K, used 56039K [0x00000000a0000000, 0x00000000a6980000, 0x00000000e0000000)
  object space 108032K, 51% used [0x00000000a0000000,0x00000000a36b9fb0,0x00000000a6980000)
 Metaspace       used 70589K, capacity 73986K, committed 74200K, reserved 1114112K
  class space    used 9121K, capacity 9724K, committed 9728K, reserved 1048576K
Event: 2345.723 GC heap after
Heap after GC invocations=21 (full 3):
 PSYoungGen      total 272384K, used 28742K [0x00000000e0000000, 0x00000000f3580000, 0x0000000100000000)
  eden space 243200K, 0% used [0x00000000e0000000,0x00000000e0000000,0x00000000eed80000)
  from space 29184K, 98% used [0x00000000f1900000,0x00000000f3511af8,0x00000000f3580000)
  to   space 33280K, 0% used [0x00000000ef480000,0x00000000ef480000,0x00000000f1500000)
 ParOldGen       total 108032K, used 56047K [0x00000000a0000000, 0x00000000a6980000, 0x00000000e0000000)
  object space 108032K, 51% used [0x00000000a0000000,0x00000000a36bbfb0,0x00000000a6980000)
 Metaspace       used 70589K, capacity 73986K, committed 74200K, reserved 1114112K
  class space    used 9121K, capacity 9724K, committed 9728K, reserved 1048576K
}
Event: 2471.990 GC heap before
{Heap before GC invocations=22 (full 3):
 PSYoungGen      total 272384K, used 271942K [0x00000000e0000000, 0x00000000f3580000, 0x0000000100000000)
  eden space 243200K, 100% used [0x00000000e0000000,0x00000000eed80000,0x00000000eed80000)
  from space 29184K, 98% used [0x00000000f1900000,0x00000000f3511af8,0x00000000f3580000)
  to   space 33280K, 0% used [0x00000000ef480000,0x00000000ef480000,0x00000000f1500000)
 ParOldGen       total 108032K, used 56047K [0x00000000a0000000, 0x00000000a6980000, 0x00000000e0000000)
  object space 108032K, 51% used [0x00000000a0000000,0x00000000a36bbfb0,0x00000000a6980000)
 Metaspace       used 70879K, capacity 74526K, committed 74840K, reserved 1114112K
  class space    used 9165K, capacity 9796K, committed 9856K, reserved 1048576K
Event: 2472.036 GC heap after
Heap after GC invocations=22 (full 3):
 PSYoungGen      total 283648K, used 9225K [0x00000000e0000000, 0x00000000f6080000, 0x0000000100000000)
  eden space 250368K, 0% used [0x00000000e0000000,0x00000000e0000000,0x00000000ef480000)
  from space 33280K, 27% used [0x00000000ef480000,0x00000000efd82758,0x00000000f1500000)
  to   space 32256K, 0% used [0x00000000f4100000,0x00000000f4100000,0x00000000f6080000)
 ParOldGen       total 108032K, used 62086K [0x00000000a0000000, 0x00000000a6980000, 0x00000000e0000000)
  object space 108032K, 57% used [0x00000000a0000000,0x00000000a3ca1840,0x00000000a6980000)
 Metaspace       used 70879K, capacity 74526K, committed 74840K, reserved 1114112K
  class space    used 9165K, capacity 9796K, committed 9856K, reserved 1048576K
}
Event: 2477.084 GC heap before
{Heap before GC invocations=23 (full 3):
 PSYoungGen      total 283648K, used 256355K [0x00000000e0000000, 0x00000000f6080000, 0x0000000100000000)
  eden space 250368K, 98% used [0x00000000e0000000,0x00000000ef156560,0x00000000ef480000)
  from space 33280K, 27% used [0x00000000ef480000,0x00000000efd82758,0x00000000f1500000)
  to   space 32256K, 0% used [0x00000000f4100000,0x00000000f4100000,0x00000000f6080000)
 ParOldGen       total 108032K, used 62086K [0x00000000a0000000, 0x00000000a6980000, 0x00000000e0000000)
  object space 108032K, 57% used [0x00000000a0000000,0x00000000a3ca1840,0x00000000a6980000)
 Metaspace       used 71189K, capacity 75016K, committed 75096K, reserved 1114112K
  class space    used 9186K, capacity 9835K, committed 9856K, reserved 1048576K
Event: 2477.117 GC heap after
Heap after GC invocations=23 (full 3):
 PSYoungGen      total 326656K, used 24757K [0x00000000e0000000, 0x00000000f6a00000, 0x0000000100000000)
  eden space 294400K, 0% used [0x00000000e0000000,0x00000000e0000000,0x00000000f1f80000)
  from space 32256K, 76% used [0x00000000f4100000,0x00000000f592d560,0x00000000f6080000)
  to   space 34304K, 0% used [0x00000000f1f80000,0x00000000f1f80000,0x00000000f4100000)
 ParOldGen       total 108032K, used 62362K [0x00000000a0000000, 0x00000000a6980000, 0x00000000e0000000)
  object space 108032K, 57% used [0x00000000a0000000,0x00000000a3ce6850,0x00000000a6980000)
 Metaspace       used 71189K, capacity 75016K, committed 75096K, reserved 1114112K
  class space    used 9186K, capacity 9835K, committed 9856K, reserved 1048576K
}
Event: 3353.713 GC heap before
{Heap before GC invocations=24 (full 3):
 PSYoungGen      total 326656K, used 319157K [0x00000000e0000000, 0x00000000f6a00000, 0x0000000100000000)
  eden space 294400K, 100% used [0x00000000e0000000,0x00000000f1f80000,0x00000000f1f80000)
  from space 32256K, 76% used [0x00000000f4100000,0x00000000f592d560,0x00000000f6080000)
  to   space 34304K, 0% used [0x00000000f1f80000,0x00000000f1f80000,0x00000000f4100000)
 ParOldGen       total 108032K, used 62362K [0x00000000a0000000, 0x00000000a6980000, 0x00000000e0000000)
  object space 108032K, 57% used [0x00000000a0000000,0x00000000a3ce6850,0x00000000a6980000)
 Metaspace       used 77558K, capacity 81720K, committed 81880K, reserved 1120256K
  class space    used 9946K, capacity 10669K, committed 10752K, reserved 1048576K
Event: 3354.028 GC heap after
Heap after GC invocations=24 (full 3):
 PSYoungGen      total 298496K, used 16832K [0x00000000e0000000, 0x00000000f5400000, 0x0000000100000000)
  eden space 281600K, 0% used [0x00000000e0000000,0x00000000e0000000,0x00000000f1300000)
  from space 16896K, 99% used [0x00000000f1f80000,0x00000000f2ff00d8,0x00000000f3000000)
  to   space 33280K, 0% used [0x00000000f3380000,0x00000000f3380000,0x00000000f5400000)
 ParOldGen       total 108032K, used 62889K [0x00000000a0000000, 0x00000000a6980000, 0x00000000e0000000)
  object space 108032K, 58% used [0x00000000a0000000,0x00000000a3d6a4e0,0x00000000a6980000)
 Metaspace       used 77558K, capacity 81720K, committed 81880K, reserved 1120256K
  class space    used 9946K, capacity 10669K, committed 10752K, reserved 1048576K
}

